<?xml version="1.0" encoding="UTF-8"?>
<testsuite xmlns:xsi="http://www.w3.org/2001/XMLSchema-instance" xsi:noNamespaceSchemaLocation="https://maven.apache.org/surefire/maven-surefire-plugin/xsd/surefire-test-report.xsd" name="com.twelvemonkeys.image.ResampleOpTest" time="0.747" tests="44" errors="0" skipped="1" failures="0">
  <properties>
    <property name="awt.toolkit" value="sun.awt.X11.XToolkit"/>
    <property name="file.encoding.pkg" value="sun.io"/>
    <property name="java.specification.version" value="1.8"/>
    <property name="sun.cpu.isalist" value=""/>
    <property name="sun.jnu.encoding" value="UTF-8"/>
    <property name="java.class.path" value="/root/.m2/repository/org/apache/maven/surefire/surefire-booter/2.22.1/surefire-booter-2.22.1.jar:/root/.m2/repository/org/apache/maven/surefire/surefire-api/2.22.1/surefire-api-2.22.1.jar:/root/.m2/repository/org/apache/maven/surefire/surefire-logger-api/2.22.1/surefire-logger-api-2.22.1.jar:/usr/src/mymaven/imageio-extensions/common/common-image/target/test-classes:/usr/src/mymaven/imageio-extensions/common/common-image/target/classes:/usr/src/mymaven/imageio-extensions/common/common-lang/target/terrygilliam-common-lang-3.5-SNAPSHOT.jar:/usr/src/mymaven/imageio-extensions/common/common-io/target/terrygilliam-common-io-3.5-SNAPSHOT.jar:/root/.m2/repository/jmagick/jmagick/6.2.4/jmagick-6.2.4.jar:/root/.m2/repository/junit/junit/4.7/junit-4.7.jar:/root/.m2/repository/org/apache/maven/surefire/surefire-junit4/2.22.1/surefire-junit4-2.22.1.jar"/>
    <property name="java.vm.vendor" value="Oracle Corporation"/>
    <property name="sun.arch.data.model" value="64"/>
    <property name="java.vendor.url" value="http://java.oracle.com/"/>
    <property name="user.timezone" value=""/>
    <property name="java.vm.specification.version" value="1.8"/>
    <property name="os.name" value="Linux"/>
    <property name="sun.java.launcher" value="SUN_STANDARD"/>
    <property name="sun.boot.library.path" value="/usr/lib/jvm/java-8-openjdk-amd64/jre/lib/amd64"/>
    <property name="sun.java.command" value="org.apache.maven.surefire.booter.ForkedBooter /usr/src/mymaven/imageio-extensions/common/common-image/target/surefire 2020-12-07T18-44-08_162-jvmRun1 surefire8012180573644752259tmp surefire_23349239329866957313tmp"/>
    <property name="surefire.test.class.path" value="/usr/src/mymaven/imageio-extensions/common/common-image/target/test-classes:/usr/src/mymaven/imageio-extensions/common/common-image/target/classes:/usr/src/mymaven/imageio-extensions/common/common-lang/target/terrygilliam-common-lang-3.5-SNAPSHOT.jar:/usr/src/mymaven/imageio-extensions/common/common-io/target/terrygilliam-common-io-3.5-SNAPSHOT.jar:/root/.m2/repository/jmagick/jmagick/6.2.4/jmagick-6.2.4.jar:/root/.m2/repository/junit/junit/4.7/junit-4.7.jar:"/>
    <property name="sun.cpu.endian" value="little"/>
    <property name="user.home" value="/root"/>
    <property name="user.language" value="en"/>
    <property name="java.specification.vendor" value="Oracle Corporation"/>
    <property name="java.home" value="/usr/lib/jvm/java-8-openjdk-amd64/jre"/>
    <property name="basedir" value="/usr/src/mymaven/imageio-extensions/common/common-image"/>
    <property name="file.separator" value="/"/>
    <property name="line.separator" value="&#10;"/>
    <property name="java.vm.specification.vendor" value="Oracle Corporation"/>
    <property name="java.specification.name" value="Java Platform API Specification"/>
    <property name="java.awt.graphicsenv" value="sun.awt.X11GraphicsEnvironment"/>
    <property name="java.awt.headless" value="true"/>
    <property name="sun.boot.class.path" value="/usr/lib/jvm/java-8-openjdk-amd64/jre/lib/resources.jar:/usr/lib/jvm/java-8-openjdk-amd64/jre/lib/rt.jar:/usr/lib/jvm/java-8-openjdk-amd64/jre/lib/sunrsasign.jar:/usr/lib/jvm/java-8-openjdk-amd64/jre/lib/jsse.jar:/usr/lib/jvm/java-8-openjdk-amd64/jre/lib/jce.jar:/usr/lib/jvm/java-8-openjdk-amd64/jre/lib/charsets.jar:/usr/lib/jvm/java-8-openjdk-amd64/jre/lib/jfr.jar:/usr/lib/jvm/java-8-openjdk-amd64/jre/classes"/>
    <property name="sun.management.compiler" value="HotSpot 64-Bit Tiered Compilers"/>
    <property name="java.runtime.version" value="1.8.0_121-8u121-b13-1~bpo8+1-b13"/>
    <property name="user.name" value="root"/>
    <property name="path.separator" value=":"/>
    <property name="os.version" value="5.4.0-56-generic"/>
    <property name="java.endorsed.dirs" value="/usr/lib/jvm/java-8-openjdk-amd64/jre/lib/endorsed"/>
    <property name="java.runtime.name" value="OpenJDK Runtime Environment"/>
    <property name="file.encoding" value="UTF-8"/>
    <property name="java.vm.name" value="OpenJDK 64-Bit Server VM"/>
    <property name="localRepository" value="/root/.m2/repository"/>
    <property name="java.vendor.url.bug" value="http://bugreport.sun.com/bugreport/"/>
    <property name="java.io.tmpdir" value="/tmp"/>
    <property name="java.version" value="1.8.0_121"/>
    <property name="user.dir" value="/usr/src/mymaven/imageio-extensions/common/common-image"/>
    <property name="os.arch" value="amd64"/>
    <property name="java.vm.specification.name" value="Java Virtual Machine Specification"/>
    <property name="java.awt.printerjob" value="sun.print.PSPrinterJob"/>
    <property name="sun.os.patch.level" value="unknown"/>
    <property name="java.library.path" value="/usr/java/packages/lib/amd64:/usr/lib/x86_64-linux-gnu/jni:/lib/x86_64-linux-gnu:/usr/lib/x86_64-linux-gnu:/usr/lib/jni:/lib:/usr/lib"/>
    <property name="java.vm.info" value="mixed mode"/>
    <property name="java.vendor" value="Oracle Corporation"/>
    <property name="java.vm.version" value="25.121-b13"/>
    <property name="java.ext.dirs" value="/usr/lib/jvm/java-8-openjdk-amd64/jre/lib/ext:/usr/java/packages/lib/ext"/>
    <property name="sun.io.unicode.encoding" value="UnicodeLittle"/>
    <property name="java.class.version" value="52.0"/>
  </properties>
  <testcase name="testCreateImage" classname="com.twelvemonkeys.image.ResampleOpTest" time="0.023"/>
  <testcase name="testResample20x20Gaussian" classname="com.twelvemonkeys.image.ResampleOpTest" time="0.025"/>
  <testcase name="testResample20x20Sinc" classname="com.twelvemonkeys.image.ResampleOpTest" time="0.003"/>
  <testcase name="testResample200x160Point" classname="com.twelvemonkeys.image.ResampleOpTest" time="0.004"/>
  <testcase name="testResample200x160Box" classname="com.twelvemonkeys.image.ResampleOpTest" time="0.018"/>
  <testcase name="testResample200x160Triangle" classname="com.twelvemonkeys.image.ResampleOpTest" time="0.002"/>
  <testcase name="testResample200x160Lanczos" classname="com.twelvemonkeys.image.ResampleOpTest" time="0.035"/>
  <testcase name="testResample200x160Gaussian" classname="com.twelvemonkeys.image.ResampleOpTest" time="0.013"/>
  <testcase name="testResample200x160Sinc" classname="com.twelvemonkeys.image.ResampleOpTest" time="0.002"/>
  <testcase name="testResamplePoint" classname="com.twelvemonkeys.image.ResampleOpTest" time="0.011"/>
  <testcase name="testResampleTriangle" classname="com.twelvemonkeys.image.ResampleOpTest" time="0.009"/>
  <testcase name="testResampleLanczos" classname="com.twelvemonkeys.image.ResampleOpTest" time="0.067"/>
  <testcase name="testAIOOBEHeight" classname="com.twelvemonkeys.image.ResampleOpTest" time="0.281"/>
  <testcase name="testAIOOBEWidth" classname="com.twelvemonkeys.image.ResampleOpTest" time="0.171"/>
  <testcase name="testTime" classname="com.twelvemonkeys.image.ResampleOpTest" time="0">
    <skipped message="Not for general unit testing"/>
  </testcase>
  <testcase name="testResample1x1Point" classname="com.twelvemonkeys.image.ResampleOpTest" time="0.001"/>
  <testcase name="testResample1x1Box" classname="com.twelvemonkeys.image.ResampleOpTest" time="0.001"/>
  <testcase name="testResample1x1Triangle" classname="com.twelvemonkeys.image.ResampleOpTest" time="0.001"/>
  <testcase name="testResample1x1Lanczos" classname="com.twelvemonkeys.image.ResampleOpTest" time="0.001"/>
  <testcase name="testResample1x1Gaussian" classname="com.twelvemonkeys.image.ResampleOpTest" time="0"/>
  <testcase name="testResample1x1Sinc" classname="com.twelvemonkeys.image.ResampleOpTest" time="0"/>
  <testcase name="testResample2x2Point" classname="com.twelvemonkeys.image.ResampleOpTest" time="0"/>
  <testcase name="testResample2x2Box" classname="com.twelvemonkeys.image.ResampleOpTest" time="0.001"/>
  <testcase name="testResample2x2Triangle" classname="com.twelvemonkeys.image.ResampleOpTest" time="0.001"/>
  <testcase name="testResampleBox" classname="com.twelvemonkeys.image.ResampleOpTest" time="0.016"/>
  <testcase name="testResample2x2Lanczos" classname="com.twelvemonkeys.image.ResampleOpTest" time="0.001"/>
  <testcase name="testResample2x2Gaussian" classname="com.twelvemonkeys.image.ResampleOpTest" time="0.002"/>
  <testcase name="testResample2x2Sinc" classname="com.twelvemonkeys.image.ResampleOpTest" time="0"/>
  <testcase name="testResample3x3Point" classname="com.twelvemonkeys.image.ResampleOpTest" time="0"/>
  <testcase name="testResample3x3Box" classname="com.twelvemonkeys.image.ResampleOpTest" time="0.002"/>
  <testcase name="testResample3x3Triangle" classname="com.twelvemonkeys.image.ResampleOpTest" time="0"/>
  <testcase name="testResample3x3Lanczos" classname="com.twelvemonkeys.image.ResampleOpTest" time="0"/>
  <testcase name="testResample3x3Gaussian" classname="com.twelvemonkeys.image.ResampleOpTest" time="0.002"/>
  <testcase name="testResample3x3Sinc" classname="com.twelvemonkeys.image.ResampleOpTest" time="0"/>
  <testcase name="testResample4x4Point" classname="com.twelvemonkeys.image.ResampleOpTest" time="0"/>
  <testcase name="testResample4x4Box" classname="com.twelvemonkeys.image.ResampleOpTest" time="0"/>
  <testcase name="testResample4x4Triangle" classname="com.twelvemonkeys.image.ResampleOpTest" time="0.001"/>
  <testcase name="testResample4x4Lanczos" classname="com.twelvemonkeys.image.ResampleOpTest" time="0.002"/>
  <testcase name="testResample4x4Gaussian" classname="com.twelvemonkeys.image.ResampleOpTest" time="0.002"/>
  <testcase name="testResample4x4Sinc" classname="com.twelvemonkeys.image.ResampleOpTest" time="0"/>
  <testcase name="testResample20x20Point" classname="com.twelvemonkeys.image.ResampleOpTest" time="0.001"/>
  <testcase name="testResample20x20Box" classname="com.twelvemonkeys.image.ResampleOpTest" time="0.002"/>
  <testcase name="testResample20x20Triangle" classname="com.twelvemonkeys.image.ResampleOpTest" time="0"/>
  <testcase name="testResample20x20Lanczos" classname="com.twelvemonkeys.image.ResampleOpTest" time="0.003"/>
</testsuite>